<?xml version="1.0" encoding="UTF-8"?>
<testng-results ignored="0" total="1" passed="1" failed="0" skipped="0">
  <reporter-output>
  </reporter-output>
  <suite started-at="2023-12-30T01:16:24 IST" name="Suite" finished-at="2023-12-30T01:16:48 IST" duration-ms="24421">
    <groups>
    </groups>
    <test started-at="2023-12-30T01:16:24 IST" name="Test" finished-at="2023-12-30T01:16:48 IST" duration-ms="24421">
      <class name="TestLayer.CreateAccountPageTest">
        <test-method is-config="true" signature="setUp()[pri:0, instance:TestLayer.CreateAccountPageTest@54e1c68b]" started-at="2023-12-30T01:16:24 IST" name="setUp" finished-at="2023-12-30T01:16:47 IST" duration-ms="22850" status="PASS">
          <reporter-output>
          </reporter-output>
        </test-method> <!-- setUp -->
        <test-method signature="validateCreateNewUser()[pri:0, instance:TestLayer.CreateAccountPageTest@54e1c68b]" started-at="2023-12-30T01:16:47 IST" name="validateCreateNewUser" finished-at="2023-12-30T01:16:48 IST" duration-ms="992" status="PASS">
          <reporter-output>
          </reporter-output>
        </test-method> <!-- validateCreateNewUser -->
        <test-method is-config="true" signature="teaeDown()[pri:0, instance:TestLayer.CreateAccountPageTest@54e1c68b]" started-at="2023-12-30T01:16:48 IST" name="teaeDown" finished-at="2023-12-30T01:16:48 IST" duration-ms="252" status="PASS">
          <reporter-output>
          </reporter-output>
        </test-method> <!-- teaeDown -->
      </class> <!-- TestLayer.CreateAccountPageTest -->
    </test> <!-- Test -->
  </suite> <!-- Suite -->
</testng-results>
